steps=9 | du=17 | best_du=25 | best_ep=1 | du_mean30=16.333 | random_action=49.62%:   1%|▊                                                                                  | 10/1000 [00:06<05:53,  2.80it/s
steps=19 | du=9 | best_du=39 | best_ep=11 | du_mean30=15.895 | random_action=25.46%:   2%|█▋                                                                                | 20/1000 [00:11<05:07,  3.19it/s]
steps=29 | du=9 | best_du=39 | best_ep=11 | du_mean30=14.000 | random_action=14.38%:   3%|██▍                                                                               | 30/1000 [00:14<04:26,  3.64it/s]
steps=39 | du=12 | best_du=39 | best_ep=11 | du_mean30=11.967 | random_action=9.30%:   4%|███▎                                                                              | 40/1000 [00:17<03:59,  4.00it/s]
steps=49 | du=9 | best_du=39 | best_ep=11 | du_mean30=10.167 | random_action=6.97%:   5%|████▏                                                                              | 50/1000 [00:20<03:48,  4.16it/s
steps=59 | du=9 | best_du=39 | best_ep=11 | du_mean30=9.867 | random_action=5.90%:   6%|█████                                                                               | 60/1000 [00:24<03:44,  4.18it/s]
steps=69 | du=8 | best_du=39 | best_ep=11 | du_mean30=9.667 | random_action=5.41%:   7%|█████▉                                                                              | 70/1000 [00:27<03:42,  4.18it/s]
steps=79 | du=9 | best_du=39 | best_ep=11 | du_mean30=9.367 | random_action=5.19%:   8%|██████▋                                                                             | 80/1000 [00:30<03:44,  4.09it/s]
steps=89 | du=10 | best_du=39 | best_ep=11 | du_mean30=9.400 | random_action=5.09%:   9%|███████▍                                                                           | 90/1000 [00:33<03:35,  4.22it/s]
steps=99 | du=9 | best_du=39 | best_ep=11 | du_mean30=9.333 | random_action=5.04%:  10%|████████▎                                                                          | 100/1000 [00:36<03:44,  4.01it/s]
steps=109 | du=9 | best_du=39 | best_ep=11 | du_mean30=9.667 | random_action=5.02%:  11%|█████████                                                                         | 110/1000 [00:39<03:52,  3.82it/s]
steps=119 | du=10 | best_du=39 | best_ep=11 | du_mean30=9.867 | random_action=5.01%:  12%|█████████▋                                                                       | 120/1000 [00:42<03:32,  4.14it/s]
steps=129 | du=12 | best_du=39 | best_ep=11 | du_mean30=10.200 | random_action=5.00%:  13%|██████████▍                                                                     | 130/1000 [00:46<04:00,  3.62it/s]
steps=139 | du=9 | best_du=39 | best_ep=11 | du_mean30=10.533 | random_action=5.00%:  14%|███████████▎                                                                     | 140/1000 [00:49<03:36,  3.97it/s]
steps=149 | du=9 | best_du=39 | best_ep=11 | du_mean30=10.267 | random_action=5.00%:  15%|████████████▏                                                                    | 150/1000 [00:52<03:17,  4.31it/s]
steps=159 | du=10 | best_du=39 | best_ep=11 | du_mean30=9.867 | random_action=5.00%:  16%|████████████▉                                                                    | 160/1000 [00:55<03:34,  3.92it/s]
steps=169 | du=391 | best_du=391 | best_ep=168 | du_mean30=53.933 | random_action=5.00%:  17%|████████████▊                                                              | 170/1000 [02:16<2:11:21,  9.50s/it]
steps=179 | du=171 | best_du=391 | best_ep=168 | du_mean30=114.233 | random_action=5.00%:  18%|█████████████▎                                                            | 180/1000 [03:05<1:11:47,  5.25s/it]
steps=189 | du=271 | best_du=391 | best_ep=168 | du_mean30=188.733 | random_action=5.00%:  19%|██████████████                                                            | 190/1000 [04:05<1:23:24,  6.18s/it]
steps=199 | du=208 | best_du=416 | best_ep=196 | du_mean30=221.333 | random_action=5.00%:  20%|██████████████▊                                                           | 200/1000 [05:17<1:39:45,  7.48s/it]
steps=209 | du=223 | best_du=416 | best_ep=196 | du_mean30=248.633 | random_action=5.00%:  21%|███████████████▌                                                          | 210/1000 [06:27<1:30:06,  6.84s/it]
steps=219 | du=336 | best_du=416 | best_ep=196 | du_mean30=262.767 | random_action=5.00%:  22%|████████████████▎                                                         | 220/1000 [07:39<1:38:08,  7.55s/it]
steps=229 | du=315 | best_du=416 | best_ep=196 | du_mean30=301.033 | random_action=5.00%:  23%|█████████████████                                                         | 230/1000 [09:08<1:47:25,  8.37s/it]
steps=239 | du=299 | best_du=416 | best_ep=196 | du_mean30=305.167 | random_action=5.00%:  24%|█████████████████▊                                                        | 240/1000 [10:38<1:44:44,  8.27s/it]
steps=249 | du=284 | best_du=416 | best_ep=196 | du_mean30=307.767 | random_action=5.00%:  25%|██████████████████▌                                                       | 250/1000 [12:05<1:50:09,  8.81s/it]
steps=259 | du=422 | best_du=422 | best_ep=258 | du_mean30=305.100 | random_action=5.00%:  26%|███████████████████▏                                                      | 260/1000 [14:16<3:31:17, 17.13s/it]
steps=269 | du=233 | best_du=770 | best_ep=267 | du_mean30=372.933 | random_action=5.00%:  27%|███████████████████▉                                                      | 270/1000 [18:22<3:44:21, 18.44s/it]
steps=273 | du=255 | best_du=770 | best_ep=267 | du_mean30=370.133 | random_action=5.00%:  27%|████████████████████▎                                                     | 274/1000 [20:29<7:23:58, 36.69s/it]

Traceback (most recent call last):
  File "run.py", line 432, in <module>
    screenshots.append(get_screen(fullscreen=True, size=160))
  File "run.py", line 123, in get_screen
    return resize(size)(screen).unsqueeze(0)
  File "***\.venv\lib\site-packages\torchvision\transforms\transforms.py", line 95, in __call__
    img = t(img)
  File "***\.venv\lib\site-packages\torchvision\transforms\transforms.py", line 135, in __call__
    return F.to_tensor(pic)
  File "***\.venv\lib\site-packages\torchvision\transforms\functional.py", line 169, in to_tensor
    img = img.permute((2, 0, 1)).contiguous()
KeyboardInterrupt
